TN:
SF:tasks/math.js
FN:6,(anonymous_0)
FN:13,(anonymous_1)
FN:20,(anonymous_2)
FN:27,(anonymous_3)
FNF:4
FNH:4
FNDA:4,(anonymous_0)
FNDA:4,(anonymous_1)
FNDA:3,(anonymous_2)
FNDA:2,(anonymous_3)
DA:6,1
DA:7,4
DA:8,1
DA:10,3
DA:13,1
DA:14,4
DA:15,1
DA:17,3
DA:20,1
DA:21,3
DA:22,2
DA:24,1
DA:27,1
DA:28,2
DA:29,0
DA:31,2
DA:32,1
DA:34,1
DA:37,1
LF:19
LH:18
BRDA:7,0,0,1
BRDA:7,0,1,3
BRDA:7,1,0,4
BRDA:7,1,1,3
BRDA:14,2,0,1
BRDA:14,2,1,3
BRDA:21,3,0,2
BRDA:21,3,1,1
BRDA:21,4,0,3
BRDA:21,4,1,2
BRDA:28,5,0,0
BRDA:28,5,1,2
BRDA:28,6,0,2
BRDA:28,6,1,2
BRDA:31,7,0,1
BRDA:31,7,1,1
BRF:16
BRH:15
end_of_record
TN:
SF:tasks/sync.js
FN:3,(anonymous_0)
FNF:1
FNH:1
FNDA:2,(anonymous_0)
DA:1,1
DA:3,1
DA:4,2
DA:5,2
DA:6,2
DA:9,1
LF:6
LH:6
BRF:0
BRH:0
end_of_record
